#
# There is insufficient memory for the Java Runtime Environment to continue.
# Native memory allocation (malloc) failed to allocate 131088 bytes for Chunk::new
# Possible reasons:
#   The system is out of physical RAM or swap space
#   The process is running with CompressedOops enabled, and the Java Heap may be blocking the growth of the native heap
# Possible solutions:
#   Reduce memory load on the system
#   Increase physical memory or swap space
#   Check if swap backing store is full
#   Decrease Java heap size (-Xmx/-Xms)
#   Decrease number of Java threads
#   Decrease Java thread stack sizes (-Xss)
#   Set larger code cache with -XX:ReservedCodeCacheSize=
#   JVM is running with Unscaled Compressed Oops mode in which the Java heap is
#     placed in the first 4GB address space. The Java Heap base address is the
#     maximum limit for the native heap growth. Please use -XX:HeapBaseMinAddress
#     to set the Java Heap base and to place the Java Heap above 4GB virtual address.
# This output file may be truncated or incomplete.
#
#  Out of Memory Error (allocation.cpp:389), pid=13840, tid=0x0000000000003ba4
#
# JRE version: Java(TM) SE Runtime Environment (8.0_251-b08) (build 1.8.0_251-b08)
# Java VM: Java HotSpot(TM) 64-Bit Server VM (25.251-b08 mixed mode windows-amd64 compressed oops)
# Failed to write core dump. Minidumps are not enabled by default on client versions of Windows
#

---------------  T H R E A D  ---------------

Current thread (0x0000000016b02000):  JavaThread "C2 CompilerThread0" daemon [_thread_in_native, id=15268, stack(0x0000000017270000,0x0000000017370000)]

Stack: [0x0000000017270000,0x0000000017370000]
[error occurred during error reporting (printing stack bounds), id 0xc0000005]

Native frames: (J=compiled Java code, j=interpreted, Vv=VM code, C=native code)


Current CompileTask:
C2:   9158 4395   !   4       java.lang.reflect.Executable::sharedToGenericString (329 bytes)


---------------  P R O C E S S  ---------------

Java Threads: ( => current thread )
  0x0000000017fbc800 JavaThread "Cache worker for Build Output Cleanup Cache (D:\code\native\android\.gradle\buildOutputCleanup)" [_thread_blocked, id=92, stack(0x00000000216f0000,0x00000000217f0000)]
  0x0000000017fbf800 JavaThread "Build operations Thread 8" [_thread_blocked, id=4816, stack(0x00000000211f0000,0x00000000212f0000)]
  0x0000000017fbe800 JavaThread "Build operations Thread 7" [_thread_blocked, id=3340, stack(0x00000000210f0000,0x00000000211f0000)]
  0x0000000017fc1000 JavaThread "Build operations Thread 6" [_thread_blocked, id=17972, stack(0x0000000020ff0000,0x00000000210f0000)]
  0x0000000017fc0000 JavaThread "Build operations Thread 5" [_thread_blocked, id=5852, stack(0x0000000020ef0000,0x0000000020ff0000)]
  0x0000000017fbd000 JavaThread "Build operations Thread 4" [_thread_blocked, id=15072, stack(0x0000000020df0000,0x0000000020ef0000)]
  0x0000000017fbe000 JavaThread "Build operations Thread 3" [_thread_blocked, id=11600, stack(0x0000000020cf0000,0x0000000020df0000)]
  0x0000000017fc2800 JavaThread "Build operations Thread 2" [_thread_blocked, id=4240, stack(0x0000000020bf0000,0x0000000020cf0000)]
  0x0000000019713000 JavaThread "Build operations" [_thread_blocked, id=15816, stack(0x00000000208f0000,0x00000000209f0000)]
  0x0000000019712000 JavaThread "Cache worker for execution history cache (C:\Users\14663\.gradle\caches\6.0.1\executionHistory)" [_thread_blocked, id=5512, stack(0x0000000020560000,0x0000000020660000)]
  0x000000001970f800 JavaThread "Cache worker for cache directory md-rule (C:\Users\14663\.gradle\caches\6.0.1\md-rule)" [_thread_blocked, id=7284, stack(0x0000000020460000,0x0000000020560000)]
  0x0000000019710800 JavaThread "Cache worker for cache directory md-supplier (C:\Users\14663\.gradle\caches\6.0.1\md-supplier)" [_thread_blocked, id=17924, stack(0x0000000020360000,0x0000000020460000)]
  0x0000000019711000 JavaThread "Cache worker for file hash cache (D:\code\native\android\.gradle\6.0.1\fileHashes)" [_thread_blocked, id=11200, stack(0x000000001d660000,0x000000001d760000)]
  0x000000001970d800 JavaThread "Cache worker for journal cache (C:\Users\14663\.gradle\caches\journal-1)" [_thread_blocked, id=12372, stack(0x000000001b1c0000,0x000000001b2c0000)]
  0x0000000019714800 JavaThread "File lock request listener" [_thread_in_native, id=9344, stack(0x000000001b0c0000,0x000000001b1c0000)]
  0x000000001970f000 JavaThread "Cache worker for file hash cache (C:\Users\14663\.gradle\caches\6.0.1\fileHashes)" [_thread_blocked, id=13232, stack(0x000000001afc0000,0x000000001b0c0000)]
  0x0000000019600800 JavaThread "Thread-9" [_thread_blocked, id=11640, stack(0x000000001aec0000,0x000000001afc0000)]
  0x0000000019605000 JavaThread "Stdin handler" [_thread_blocked, id=7552, stack(0x000000001adc0000,0x000000001aec0000)]
  0x00000000195f2800 JavaThread "Asynchronous log dispatcher for DefaultDaemonConnection: socket connection from /127.0.0.1:5780 to /127.0.0.1:5781" [_thread_blocked, id=13356, stack(0x000000001abc0000,0x000000001acc0000)]
  0x00000000195dc000 JavaThread "Daemon worker" [_thread_in_vm, id=18284, stack(0x000000001aac0000,0x000000001abc0000)]
  0x00000000195d7800 JavaThread "Cancel handler" [_thread_blocked, id=12664, stack(0x000000001a9c0000,0x000000001aac0000)]
  0x00000000195c1800 JavaThread "Handler for socket connection from /127.0.0.1:5780 to /127.0.0.1:5781" [_thread_in_native, id=8472, stack(0x000000001a6c0000,0x000000001a7c0000)]
  0x00000000195bf000 JavaThread "Daemon" [_thread_blocked, id=10720, stack(0x000000001a5c0000,0x000000001a6c0000)]
  0x000000001956e000 JavaThread "Daemon periodic checks" [_thread_blocked, id=18256, stack(0x000000001a4c0000,0x000000001a5c0000)]
  0x0000000019565800 JavaThread "Incoming local TCP Connector on port 5780" [_thread_in_native, id=15152, stack(0x000000001a310000,0x000000001a410000)]
  0x000000001945b000 JavaThread "Daemon health stats" [_thread_blocked, id=11652, stack(0x000000001a010000,0x000000001a110000)]
  0x0000000016ba2800 JavaThread "Service Thread" daemon [_thread_blocked, id=2284, stack(0x0000000017670000,0x0000000017770000)]
  0x0000000016b31800 JavaThread "C1 CompilerThread3" daemon [_thread_blocked, id=2680, stack(0x0000000017570000,0x0000000017670000)]
  0x0000000016b16000 JavaThread "C2 CompilerThread2" daemon [_thread_in_native, id=12620, stack(0x0000000017470000,0x0000000017570000)]
  0x0000000016b09000 JavaThread "C2 CompilerThread1" daemon [_thread_in_native, id=11580, stack(0x0000000017370000,0x0000000017470000)]
=>0x0000000016b02000 JavaThread "C2 CompilerThread0" daemon [_thread_in_native, id=15268, stack(0x0000000017270000,0x0000000017370000)]
  0x0000000016b01000 JavaThread "Attach Listener" daemon [_thread_blocked, id=15352, stack(0x0000000017170000,0x0000000017270000)]
  0x0000000016aad800 JavaThread "Signal Dispatcher" daemon [_thread_blocked, id=12068, stack(0x0000000017070000,0x0000000017170000)]
  0x0000000016a90800 JavaThread "Finalizer" daemon [_thread_blocked, id=16820, stack(0x0000000016f70000,0x0000000017070000)]
  0x0000000014c7c800 JavaThread "Reference Handler" daemon [_thread_blocked, id=16516, stack(0x0000000016e70000,0x0000000016f70000)]
  0x00000000033c2800 JavaThread "main" [_thread_blocked, id=16920, stack(0x00000000032c0000,0x00000000033c0000)]

Other Threads:
  0x0000000014c78800 VMThread [stack: 0x0000000016970000,0x0000000016a70000] [id=16428]
  0x0000000016bbd800 WatcherThread [stack: 0x0000000017770000,0x0000000017870000] [id=11820]

VM state:not at safepoint (normal execution)

VM Mutex/Monitor currently owned by a thread: None

heap address: 0x00000000e0000000, size: 512 MB, Compressed Oops mode: 32-bit
Narrow klass base: 0x0000000000000000, Narrow klass shift: 3
Compressed class space size: 1073741824 Address: 0x0000000100000000

Heap:
 PSYoungGen      total 156672K, used 67422K [0x00000000f5580000, 0x0000000100000000, 0x0000000100000000)
  eden space 141824K, 37% used [0x00000000f5580000,0x00000000f88ded98,0x00000000fe000000)
  from space 14848K, 99% used [0x00000000fe000000,0x00000000fee78aa8,0x00000000fee80000)
  to   space 17920K, 0% used [0x00000000fee80000,0x00000000fee80000,0x0000000100000000)
 ParOldGen       total 175104K, used 19763K [0x00000000e0000000, 0x00000000eab00000, 0x00000000f5580000)
  object space 175104K, 11% used [0x00000000e0000000,0x00000000e134cce0,0x00000000eab00000)
 Metaspace       used 47866K, capacity 49540K, committed 49792K, reserved 1091584K
  class space    used 6596K, capacity 7028K, committed 7040K, reserved 1048576K

Card table byte_map: [0x0000000012880000,0x0000000012990000] byte_map_base: 0x0000000012180000

Marking Bits: (ParMarkBitMap*) 0x00000000542eaf90
 Begin Bits: [0x0000000013190000, 0x0000000013990000)
 End Bits:   [0x0000000013990000, 0x0000000014190000)

Polling page: 0x0000000000df0000

CodeCache: size=245760Kb used=13889Kb max_used=13900Kb free=231871Kb
 bounds [0x00000000034c0000, 0x0000000004260000, 0x00000000124c0000]
 total_blobs=4761 nmethods=3982 adapters=690
 compilation: enabled

Compilation events (10 events):
Event: 9.106 Thread 0x0000000016b31800 4391       1       java.beans.GenericBeanInfo::getMethodDescriptors (5 bytes)
Event: 9.106 Thread 0x0000000016b31800 nmethod 4391 0x000000000424c010 code [0x000000000424c160, 0x000000000424c270]
Event: 9.106 Thread 0x0000000016b31800 4392       1       java.beans.GenericBeanInfo::getDefaultEventIndex (5 bytes)
Event: 9.106 Thread 0x0000000016b31800 nmethod 4392 0x000000000424bd50 code [0x000000000424bea0, 0x000000000424bfb0]
Event: 9.106 Thread 0x0000000016b31800 4393       1       java.beans.GenericBeanInfo::getDefaultPropertyIndex (5 bytes)
Event: 9.106 Thread 0x0000000016b31800 nmethod 4393 0x000000000424ba90 code [0x000000000424bbe0, 0x000000000424bcf0]
Event: 9.120 Thread 0x0000000016b02000 nmethod 4388 0x000000000425e650 code [0x000000000425e820, 0x000000000425f168]
Event: 9.120 Thread 0x0000000016b02000 4395   !   4       java.lang.reflect.Executable::sharedToGenericString (329 bytes)
Event: 9.121 Thread 0x0000000016b31800 4399       3       org.codehaus.groovy.util.ComplexKeyHashMap::resize (103 bytes)
Event: 9.122 Thread 0x0000000016b31800 nmethod 4399 0x000000000424b150 code [0x000000000424b2e0, 0x000000000424b7f0]

GC Heap History (10 events):
Event: 5.649 GC heap before
{Heap before GC invocations=5 (full 1):
 PSYoungGen      total 76288K, used 65536K [0x00000000f5580000, 0x00000000fea80000, 0x0000000100000000)
  eden space 65536K, 100% used [0x00000000f5580000,0x00000000f9580000,0x00000000f9580000)
  from space 10752K, 0% used [0x00000000f9580000,0x00000000f9580000,0x00000000fa000000)
  to   space 10752K, 0% used [0x00000000fe000000,0x00000000fe000000,0x00000000fea80000)
 ParOldGen       total 175104K, used 12511K [0x00000000e0000000, 0x00000000eab00000, 0x00000000f5580000)
  object space 175104K, 7% used [0x00000000e0000000,0x00000000e0c37c70,0x00000000eab00000)
 Metaspace       used 27563K, capacity 28212K, committed 28416K, reserved 1073152K
  class space    used 3820K, capacity 4024K, committed 4096K, reserved 1048576K
Event: 5.655 GC heap after
Heap after GC invocations=5 (full 1):
 PSYoungGen      total 102912K, used 7974K [0x00000000f5580000, 0x00000000fe800000, 0x0000000100000000)
  eden space 94720K, 0% used [0x00000000f5580000,0x00000000f5580000,0x00000000fb200000)
  from space 8192K, 97% used [0x00000000fe000000,0x00000000fe7c9b18,0x00000000fe800000)
  to   space 10752K, 0% used [0x00000000fd300000,0x00000000fd300000,0x00000000fdd80000)
 ParOldGen       total 175104K, used 12519K [0x00000000e0000000, 0x00000000eab00000, 0x00000000f5580000)
  object space 175104K, 7% used [0x00000000e0000000,0x00000000e0c39c70,0x00000000eab00000)
 Metaspace       used 27563K, capacity 28212K, committed 28416K, reserved 1073152K
  class space    used 3820K, capacity 4024K, committed 4096K, reserved 1048576K
}
Event: 6.369 GC heap before
{Heap before GC invocations=6 (full 1):
 PSYoungGen      total 102912K, used 102694K [0x00000000f5580000, 0x00000000fe800000, 0x0000000100000000)
  eden space 94720K, 100% used [0x00000000f5580000,0x00000000fb200000,0x00000000fb200000)
  from space 8192K, 97% used [0x00000000fe000000,0x00000000fe7c9b18,0x00000000fe800000)
  to   space 10752K, 0% used [0x00000000fd300000,0x00000000fd300000,0x00000000fdd80000)
 ParOldGen       total 175104K, used 12519K [0x00000000e0000000, 0x00000000eab00000, 0x00000000f5580000)
  object space 175104K, 7% used [0x00000000e0000000,0x00000000e0c39c70,0x00000000eab00000)
 Metaspace       used 32840K, capacity 33592K, committed 33792K, reserved 1079296K
  class space    used 4597K, capacity 4853K, committed 4864K, reserved 1048576K
Event: 6.381 GC heap after
Heap after GC invocations=6 (full 1):
 PSYoungGen      total 139264K, used 10737K [0x00000000f5580000, 0x00000000ffd80000, 0x0000000100000000)
  eden space 128512K, 0% used [0x00000000f5580000,0x00000000f5580000,0x00000000fd300000)
  from space 10752K, 99% used [0x00000000fd300000,0x00000000fdd7c5d8,0x00000000fdd80000)
  to   space 15360K, 0% used [0x00000000fee80000,0x00000000fee80000,0x00000000ffd80000)
 ParOldGen       total 175104K, used 13854K [0x00000000e0000000, 0x00000000eab00000, 0x00000000f5580000)
  object space 175104K, 7% used [0x00000000e0000000,0x00000000e0d87980,0x00000000eab00000)
 Metaspace       used 32840K, capacity 33592K, committed 33792K, reserved 1079296K
  class space    used 4597K, capacity 4853K, committed 4864K, reserved 1048576K
}
Event: 6.736 GC heap before
{Heap before GC invocations=7 (full 1):
 PSYoungGen      total 139264K, used 43890K [0x00000000f5580000, 0x00000000ffd80000, 0x0000000100000000)
  eden space 128512K, 25% used [0x00000000f5580000,0x00000000f75e02c0,0x00000000fd300000)
  from space 10752K, 99% used [0x00000000fd300000,0x00000000fdd7c5d8,0x00000000fdd80000)
  to   space 15360K, 0% used [0x00000000fee80000,0x00000000fee80000,0x00000000ffd80000)
 ParOldGen       total 175104K, used 13854K [0x00000000e0000000, 0x00000000eab00000, 0x00000000f5580000)
  object space 175104K, 7% used [0x00000000e0000000,0x00000000e0d87980,0x00000000eab00000)
 Metaspace       used 34580K, capacity 35472K, committed 35496K, reserved 1079296K
  class space    used 4824K, capacity 5097K, committed 5120K, reserved 1048576K
Event: 6.747 GC heap after
Heap after GC invocations=7 (full 1):
 PSYoungGen      total 157184K, used 10248K [0x00000000f5580000, 0x0000000100000000, 0x0000000100000000)
  eden space 141824K, 0% used [0x00000000f5580000,0x00000000f5580000,0x00000000fe000000)
  from space 15360K, 66% used [0x00000000fee80000,0x00000000ff8821d8,0x00000000ffd80000)
  to   space 14848K, 0% used [0x00000000fe000000,0x00000000fe000000,0x00000000fee80000)
 ParOldGen       total 175104K, used 13862K [0x00000000e0000000, 0x00000000eab00000, 0x00000000f5580000)
  object space 175104K, 7% used [0x00000000e0000000,0x00000000e0d89980,0x00000000eab00000)
 Metaspace       used 34580K, capacity 35472K, committed 35496K, reserved 1079296K
  class space    used 4824K, capacity 5097K, committed 5120K, reserved 1048576K
}
Event: 6.747 GC heap before
{Heap before GC invocations=8 (full 2):
 PSYoungGen      total 157184K, used 10248K [0x00000000f5580000, 0x0000000100000000, 0x0000000100000000)
  eden space 141824K, 0% used [0x00000000f5580000,0x00000000f5580000,0x00000000fe000000)
  from space 15360K, 66% used [0x00000000fee80000,0x00000000ff8821d8,0x00000000ffd80000)
  to   space 14848K, 0% used [0x00000000fe000000,0x00000000fe000000,0x00000000fee80000)
 ParOldGen       total 175104K, used 13862K [0x00000000e0000000, 0x00000000eab00000, 0x00000000f5580000)
  object space 175104K, 7% used [0x00000000e0000000,0x00000000e0d89980,0x00000000eab00000)
 Metaspace       used 34580K, capacity 35472K, committed 35496K, reserved 1079296K
  class space    used 4824K, capacity 5097K, committed 5120K, reserved 1048576K
Event: 6.814 GC heap after
Heap after GC invocations=8 (full 2):
 PSYoungGen      total 157184K, used 0K [0x00000000f5580000, 0x0000000100000000, 0x0000000100000000)
  eden space 141824K, 0% used [0x00000000f5580000,0x00000000f5580000,0x00000000fe000000)
  from space 15360K, 0% used [0x00000000fee80000,0x00000000fee80000,0x00000000ffd80000)
  to   space 14848K, 0% used [0x00000000fe000000,0x00000000fe000000,0x00000000fee80000)
 ParOldGen       total 175104K, used 17196K [0x00000000e0000000, 0x00000000eab00000, 0x00000000f5580000)
  object space 175104K, 9% used [0x00000000e0000000,0x00000000e10cb150,0x00000000eab00000)
 Metaspace       used 34580K, capacity 35472K, committed 35496K, reserved 1079296K
  class space    used 4824K, capacity 5097K, committed 5120K, reserved 1048576K
}
Event: 8.510 GC heap before
{Heap before GC invocations=9 (full 2):
 PSYoungGen      total 157184K, used 141824K [0x00000000f5580000, 0x0000000100000000, 0x0000000100000000)
  eden space 141824K, 100% used [0x00000000f5580000,0x00000000fe000000,0x00000000fe000000)
  from space 15360K, 0% used [0x00000000fee80000,0x00000000fee80000,0x00000000ffd80000)
  to   space 14848K, 0% used [0x00000000fe000000,0x00000000fe000000,0x00000000fee80000)
 ParOldGen       total 175104K, used 17196K [0x00000000e0000000, 0x00000000eab00000, 0x00000000f5580000)
  object space 175104K, 9% used [0x00000000e0000000,0x00000000e10cb150,0x00000000eab00000)
 Metaspace       used 46309K, capacity 47814K, committed 48000K, reserved 1091584K
  class space    used 6360K, capacity 6784K, committed 6784K, reserved 1048576K
Event: 8.525 GC heap after
Heap after GC invocations=9 (full 2):
 PSYoungGen      total 156672K, used 14818K [0x00000000f5580000, 0x0000000100000000, 0x0000000100000000)
  eden space 141824K, 0% used [0x00000000f5580000,0x00000000f5580000,0x00000000fe000000)
  from space 14848K, 99% used [0x00000000fe000000,0x00000000fee78aa8,0x00000000fee80000)
  to   space 17920K, 0% used [0x00000000fee80000,0x00000000fee80000,0x0000000100000000)
 ParOldGen       total 175104K, used 19763K [0x00000000e0000000, 0x00000000eab00000, 0x00000000f5580000)
  object space 175104K, 11% used [0x00000000e0000000,0x00000000e134cce0,0x00000000eab00000)
 Metaspace       used 46309K, capacity 47814K, committed 48000K, reserved 1091584K
  class space    used 6360K, capacity 6784K, committed 6784K, reserved 1048576K
}

Deoptimization events (10 events):
Event: 8.671 Thread 0x00000000195dc000 Uncommon trap: reason=unstable_if action=reinterpret pc=0x000000000367f9d4 method=java.lang.String.replace(CC)Ljava/lang/String; @ 2
Event: 8.675 Thread 0x00000000195dc000 Uncommon trap: reason=unstable_if action=reinterpret pc=0x0000000003e6dc20 method=groovy.lang.MetaClassImpl.checkIfStdMethod(Lgroovy/lang/MetaMethod;)V @ 55
Event: 8.675 Thread 0x00000000195dc000 Uncommon trap: reason=unstable_if action=reinterpret pc=0x000000000418494c method=org.codehaus.groovy.runtime.metaclass.MetaMethodIndex.copyNonPrivateNonNewMetaMethods(Lorg/codehaus/groovy/runtime/metaclass/MetaMethodIndex$Entry;Lorg/codehaus/groovy/runti
Event: 8.676 Thread 0x00000000195dc000 Uncommon trap: reason=unstable_if action=reinterpret pc=0x0000000003f27b8c method=groovy.lang.MetaClassImpl$1MOPIter.methodNameAction(Ljava/lang/Class;Lorg/codehaus/groovy/runtime/metaclass/MetaMethodIndex$Entry;)V @ 182
Event: 8.802 Thread 0x00000000195dc000 Uncommon trap: reason=bimorphic action=maybe_recompile pc=0x00000000041ba4dc method=org.codehaus.groovy.util.SingleKeyHashMap.get(Ljava/lang/Object;)Ljava/lang/Object; @ 43
Event: 8.805 Thread 0x00000000195dc000 Uncommon trap: reason=bimorphic action=maybe_recompile pc=0x00000000041ba4dc method=org.codehaus.groovy.util.SingleKeyHashMap.get(Ljava/lang/Object;)Ljava/lang/Object; @ 43
Event: 8.863 Thread 0x00000000195dc000 Uncommon trap: reason=unstable_if action=reinterpret pc=0x0000000003d9dad4 method=org.codehaus.groovy.runtime.metaclass.MetaMethodIndex.addMethodToList(Ljava/lang/Object;Lgroovy/lang/MetaMethod;)Ljava/lang/Object; @ 256
Event: 8.917 Thread 0x00000000195dc000 Uncommon trap: reason=unstable_if action=reinterpret pc=0x0000000003f088b8 method=java.util.HashMap.putVal(ILjava/lang/Object;Ljava/lang/Object;ZZ)Ljava/lang/Object; @ 109
Event: 8.917 Thread 0x00000000195dc000 Uncommon trap: reason=unstable_if action=reinterpret pc=0x0000000003eb03a8 method=java.util.HashMap.putVal(ILjava/lang/Object;Ljava/lang/Object;ZZ)Ljava/lang/Object; @ 109
Event: 8.918 Thread 0x00000000195dc000 Uncommon trap: reason=unstable_if action=reinterpret pc=0x00000000037be47c method=java.util.HashMap.resize()[Ljava/util/HashMap$Node; @ 206

Classes redefined (0 events):
No events

Internal exceptions (10 events):
Event: 9.096 Thread 0x00000000195dc000 Exception <a 'java/lang/ClassNotFoundException': org/gradle/api/internal/AbstractTaskCustomizer> (0x00000000f7fe7d60) thrown at [C:\jenkins\workspace\8-2-build-windows-amd64-cygwin\jdk8u251\737\hotspot\src\share\vm\classfile\systemDictionary.cpp, line 210
Event: 9.102 Thread 0x00000000195dc000 Exception <a 'java/lang/ClassNotFoundException': org/gradle/api/DefaultTaskCustomizer> (0x00000000f80775e0) thrown at [C:\jenkins\workspace\8-2-build-windows-amd64-cygwin\jdk8u251\737\hotspot\src\share\vm\classfile\systemDictionary.cpp, line 210]
Event: 9.106 Thread 0x00000000195dc000 Exception <a 'java/lang/ClassNotFoundException': org/gradle/api/internal/ConventionTaskCustomizer> (0x00000000f80bb940) thrown at [C:\jenkins\workspace\8-2-build-windows-amd64-cygwin\jdk8u251\737\hotspot\src\share\vm\classfile\systemDictionary.cpp, line 2
Event: 9.110 Thread 0x00000000195dc000 Exception <a 'java/lang/ClassNotFoundException': org/gradle/api/tasks/AbstractCopyTaskCustomizer> (0x00000000f8102848) thrown at [C:\jenkins\workspace\8-2-build-windows-amd64-cygwin\jdk8u251\737\hotspot\src\share\vm\classfile\systemDictionary.cpp, line 21
Event: 9.114 Thread 0x00000000195dc000 Exception <a 'java/lang/ClassNotFoundException': org/gradle/api/tasks/CopyCustomizer> (0x00000000f81e8518) thrown at [C:\jenkins\workspace\8-2-build-windows-amd64-cygwin\jdk8u251\737\hotspot\src\share\vm\classfile\systemDictionary.cpp, line 210]
Event: 9.118 Thread 0x00000000195dc000 Exception <a 'java/lang/ClassNotFoundException': org/gradle/api/tasks/Copy_DecoratedCustomizer> (0x00000000f8236f60) thrown at [C:\jenkins\workspace\8-2-build-windows-amd64-cygwin\jdk8u251\737\hotspot\src\share\vm\classfile\systemDictionary.cpp, line 210]
Event: 9.142 Thread 0x00000000195dc000 Exception <a 'java/lang/ClassNotFoundException': org/gradle/api/internal/artifacts/configurations/DefaultConfigurationContainer_DecoratedBeanInfo> (0x00000000f8556050) thrown at [C:\jenkins\workspace\8-2-build-windows-amd64-cygwin\jdk8u251\737\hotspot\src
Event: 9.145 Thread 0x00000000195dc000 Exception <a 'java/lang/ClassNotFoundException': org/gradle/api/internal/artifacts/configurations/DefaultConfigurationContainerBeanInfo> (0x00000000f85bfa48) thrown at [C:\jenkins\workspace\8-2-build-windows-amd64-cygwin\jdk8u251\737\hotspot\src\share\vm\
Event: 9.148 Thread 0x00000000195dc000 Exception <a 'java/lang/ClassNotFoundException': org/gradle/api/internal/AbstractValidatingNamedDomainObjectContainerBeanInfo> (0x00000000f8607ff8) thrown at [C:\jenkins\workspace\8-2-build-windows-amd64-cygwin\jdk8u251\737\hotspot\src\share\vm\classfile\
Event: 9.150 Thread 0x00000000195dc000 Exception <a 'java/lang/ClassNotFoundException': org/gradle/api/internal/AbstractValidatingNamedDomainObjectContainerCustomizer> (0x00000000f8651438) thrown at [C:\jenkins\workspace\8-2-build-windows-amd64-cygwin\jdk8u251\737\hotspot\src\share\vm\classfil

Events (10 events):
Event: 9.149 loading class org/gradle/api/internal/AbstractValidatingNamedDomainObjectContainerCustomizer
Event: 9.149 loading class org/gradle/api/internal/AbstractValidatingNamedDomainObjectContainerCustomizer done
Event: 9.149 loading class org/gradle/api/internal/AbstractValidatingNamedDomainObjectContainerCustomizer
Event: 9.149 loading class org/gradle/api/internal/AbstractValidatingNamedDomainObjectContainerCustomizer done
Event: 9.150 loading class org/gradle/api/internal/AbstractValidatingNamedDomainObjectContainerCustomizer
Event: 9.150 loading class org/gradle/api/internal/AbstractValidatingNamedDomainObjectContainerCustomizer done
Event: 9.151 loading class org/gradle/api/internal/artifacts/configurations/DefaultConfigurationContainerCustomizer
Event: 9.151 loading class org/gradle/api/internal/artifacts/configurations/DefaultConfigurationContainerCustomizer done
Event: 9.155 loading class org/gradle/api/internal/artifacts/configurations/DefaultConfigurationContainerCustomizer
Event: 9.155 loading class org/gradle/api/internal/artifacts/configurations/DefaultConfigurationContainerCustomizer done


Dynamic libraries:
0x00007ff7a0cf0000 - 0x00007ff7a0d27000 	D:\Program Files\Java\jdk1.8.0_251\bin\java.exe
0x00007fff02460000 - 0x00007fff0264d000 	C:\Windows\SYSTEM32\ntdll.dll
0x00007fff01cd0000 - 0x00007fff01d83000 	C:\Windows\System32\KERNEL32.DLL
0x00007ffefe8d0000 - 0x00007ffefeb63000 	C:\Windows\System32\KERNELBASE.dll
0x00007fff015d0000 - 0x00007fff01673000 	C:\Windows\System32\ADVAPI32.dll
0x00007fff01280000 - 0x00007fff0131e000 	C:\Windows\System32\msvcrt.dll
0x00007ffeff950000 - 0x00007ffeff9ee000 	C:\Windows\System32\sechost.dll
0x00007ffeff7a0000 - 0x00007ffeff8c2000 	C:\Windows\System32\RPCRT4.dll
0x00007fff01b30000 - 0x00007fff01cc7000 	C:\Windows\System32\USER32.dll
0x00007ffefe5d0000 - 0x00007ffefe5f0000 	C:\Windows\System32\win32u.dll
0x00007fff01220000 - 0x00007fff01249000 	C:\Windows\System32\GDI32.dll
0x00007ffefed90000 - 0x00007ffefef29000 	C:\Windows\System32\gdi32full.dll
0x00007ffefeca0000 - 0x00007ffefed40000 	C:\Windows\System32\msvcp_win.dll
0x00007ffefe7d0000 - 0x00007ffefe8ca000 	C:\Windows\System32\ucrtbase.dll
0x00007ffeefde0000 - 0x00007ffef0059000 	C:\Windows\WinSxS\amd64_microsoft.windows.common-controls_6595b64144ccf1df_6.0.17763.1098_none_de762ed45346ee8a\COMCTL32.dll
0x00007fff01680000 - 0x00007fff019ac000 	C:\Windows\System32\combase.dll
0x00007ffefeb70000 - 0x00007ffefebee000 	C:\Windows\System32\bcryptPrimitives.dll
0x00007fff01250000 - 0x00007fff0127e000 	C:\Windows\System32\IMM32.DLL
0x0000000056e30000 - 0x0000000056f02000 	D:\Program Files\Java\jdk1.8.0_251\jre\bin\msvcr100.dll
0x0000000053ac0000 - 0x000000005436b000 	D:\Program Files\Java\jdk1.8.0_251\jre\bin\server\jvm.dll
0x00007fff011b0000 - 0x00007fff011b8000 	C:\Windows\System32\PSAPI.DLL
0x00007ffefadb0000 - 0x00007ffefadd4000 	C:\Windows\SYSTEM32\WINMM.dll
0x00007ffefcfd0000 - 0x00007ffefcfda000 	C:\Windows\SYSTEM32\VERSION.dll
0x00007ffef8b70000 - 0x00007ffef8b79000 	C:\Windows\SYSTEM32\WSOCK32.dll
0x00007fff023c0000 - 0x00007fff0242d000 	C:\Windows\System32\WS2_32.dll
0x00007ffefad80000 - 0x00007ffefadad000 	C:\Windows\SYSTEM32\WINMMBASE.dll
0x00007ffefed40000 - 0x00007ffefed8a000 	C:\Windows\System32\cfgmgr32.dll
0x00007ffef3d50000 - 0x00007ffef3d5f000 	D:\Program Files\Java\jdk1.8.0_251\jre\bin\verify.dll
0x00007ffee2100000 - 0x00007ffee2129000 	D:\Program Files\Java\jdk1.8.0_251\jre\bin\java.dll
0x00007ffef3d30000 - 0x00007ffef3d46000 	D:\Program Files\Java\jdk1.8.0_251\jre\bin\zip.dll
0x00007ffeffbd0000 - 0x00007fff010c4000 	C:\Windows\System32\SHELL32.dll
0x00007ffeff6f0000 - 0x00007ffeff798000 	C:\Windows\System32\shcore.dll
0x00007ffefef30000 - 0x00007ffeff67d000 	C:\Windows\System32\windows.storage.dll
0x00007ffefe490000 - 0x00007ffefe4b4000 	C:\Windows\System32\profapi.dll
0x00007ffefe4c0000 - 0x00007ffefe51d000 	C:\Windows\System32\powrprof.dll
0x00007ffeff690000 - 0x00007ffeff6e2000 	C:\Windows\System32\shlwapi.dll
0x00007ffefe470000 - 0x00007ffefe481000 	C:\Windows\System32\kernel.appcore.dll
0x00007ffefe520000 - 0x00007ffefe537000 	C:\Windows\System32\cryptsp.dll
0x00007ffee20e0000 - 0x00007ffee20fa000 	D:\Program Files\Java\jdk1.8.0_251\jre\bin\net.dll
0x00007ffefdcc0000 - 0x00007ffefdd27000 	C:\Windows\system32\mswsock.dll
0x00007ffee20c0000 - 0x00007ffee20d2000 	D:\Program Files\Java\jdk1.8.0_251\jre\bin\nio.dll
0x00007ffed8650000 - 0x00007ffed8676000 	C:\Users\14663\.gradle\native\30\windows-amd64\native-platform.dll
0x00007ffeea140000 - 0x00007ffeea14d000 	D:\Program Files\Java\jdk1.8.0_251\jre\bin\management.dll
0x00007ffefd840000 - 0x00007ffefd873000 	C:\Windows\system32\rsaenh.dll
0x00007ffefe540000 - 0x00007ffefe566000 	C:\Windows\System32\bcrypt.dll
0x00007ffefe350000 - 0x00007ffefe378000 	C:\Windows\SYSTEM32\USERENV.dll
0x00007ffefde90000 - 0x00007ffefde9c000 	C:\Windows\SYSTEM32\CRYPTBASE.dll
0x00007ffefd9e0000 - 0x00007ffefda1d000 	C:\Windows\SYSTEM32\IPHLPAPI.DLL
0x00007ffeff680000 - 0x00007ffeff688000 	C:\Windows\System32\NSI.dll
0x00007ffef4d10000 - 0x00007ffef4d26000 	C:\Windows\SYSTEM32\dhcpcsvc6.DLL
0x00007ffef4cf0000 - 0x00007ffef4d0c000 	C:\Windows\SYSTEM32\dhcpcsvc.DLL
0x00007ffefda20000 - 0x00007ffefdae6000 	C:\Windows\SYSTEM32\DNSAPI.dll

VM Arguments:
jvm_args: -XX:MaxMetaspaceSize=256m -XX:+HeapDumpOnOutOfMemoryError -Xms256m -Xmx512m -Dfile.encoding=GBK -Duser.country=CN -Duser.language=zh -Duser.variant 
java_command: org.gradle.launcher.daemon.bootstrap.GradleDaemon 6.0.1
java_class_path (initial): C:\Users\14663\.gradle\wrapper\dists\gradle-6.0.1-all\99d3u8wxs16ndehh90lbbir67\gradle-6.0.1\lib\gradle-launcher-6.0.1.jar
Launcher Type: SUN_STANDARD

Environment Variables:
JAVA_HOME=D:\Program Files\Java\jdk1.8.0_251
CLASSPATH=D:\code\native\android\\gradle\wrapper\gradle-wrapper.jar
PATH=D:\code\native\android\node_modules\.bin;D:\code\native\node_modules\.bin;D:\code\node_modules\.bin;D:\node_modules\.bin;D:\Program Files\nodejs;D:\code\native\node_modules\.bin;C:\Program Files (x86)\Common Files\Oracle\Java\javapath;C:\Windows\system32;C:\Windows;C:\Windows\System32\Wbem;C:\Windows\System32\WindowsPowerShell\v1.0\;C:\Windows\System32\OpenSSH\;D:\Program Files\nodejs\;D:\Program Files\Git\cmd;D:\Program Files\Java\jdk1.8.0_251\bin;D:\Program Files\Java\jdk1.8.0_251\jre\bin;D:\Program Files\cmder;D:\mongodb\bin;D:\Program Files (x86)\Yarn\bin\;D:\Android\Sdk\platform-tools;D:\Android\Sdk\emulator;D:\Android\Sdk\tools;D:\Android\Sdk\tools\bin;"D:\Android\Sdk\platform-tools;";C:\Users\14663\AppData\Local\Programs\Python\Python37-32\Scripts\;C:\Users\14663\AppData\Local\Programs\Python\Python37-32\;C:\Users\14663\AppData\Local\Microsoft\WindowsApps;C:\Users\14663\AppData\Roaming\npm;D:\Users\14663\AppData\Local\Programs\Microsoft VS Code\bin;D:\Program Files\JetBrains\IntelliJ IDEA 2020.1\bin;;D:\Program Files\JetBrains\PyCharm 2019.2\bin;;C:\Users\14663\AppData\Local\Yarn\bin;D:\Program Files\JetBrains\IntelliJ IDEA Community Edition 2020.1\bin;;D:\Apache\apache-maven-3.6.3\bin\;
USERNAME=14663
OS=Windows_NT
PROCESSOR_IDENTIFIER=Intel64 Family 6 Model 60 Stepping 3, GenuineIntel



---------------  S Y S T E M  ---------------

OS: Windows 10.0 , 64 bit Build 17763 (10.0.17763.475)

CPU:total 8 (initial active 8) (4 cores per cpu, 2 threads per core) family 6 model 60 stepping 3, cmov, cx8, fxsr, mmx, sse, sse2, sse3, ssse3, sse4.1, sse4.2, popcnt, avx, avx2, aes, clmul, erms, lzcnt, ht, tsc, tscinvbit, bmi1, bmi2

Memory: 4k page, physical 8268716k(439536k free), swap 10478972k(5332k free)

vm_info: Java HotSpot(TM) 64-Bit Server VM (25.251-b08) for windows-amd64 JRE (1.8.0_251-b08), built on Mar 12 2020 06:31:49 by "" with MS VC++ 10.0 (VS2010)

time: Mon Jun 29 20:36:25 2020
timezone: 中国标准时间
elapsed time: 9 seconds (0d 0h 0m 9s)

